<?xml version="1.0" encoding="UTF-8"?>
<testng-results ignored="0" total="1" passed="1" failed="0" skipped="0">
  <reporter-output>
    <line>
      <![CDATA[Before Suite-->Server connections]]>
    </line>
    <line>
      <![CDATA[Before Tests-->Database connections]]>
    </line>
    <line>
      <![CDATA[Before Class-->Launch Browser]]>
    </line>
    <line>
      <![CDATA[Before Method-->Login]]>
    </line>
    <line>
      <![CDATA[Test-->Execute test script]]>
    </line>
    <line>
      <![CDATA[After Method-->Logout]]>
    </line>
    <line>
      <![CDATA[After Class-->Close browser]]>
    </line>
    <line>
      <![CDATA[After Test-->Close database]]>
    </line>
    <line>
      <![CDATA[After Suite-->Close Server]]>
    </line>
  </reporter-output>
  <suite started-at="2024-11-23T13:24:15Z" name="Default suite" finished-at="2024-11-23T13:24:15Z" duration-ms="44">
    <groups>
    </groups>
    <test started-at="2024-11-23T13:24:15Z" name="Default test" finished-at="2024-11-23T13:24:15Z" duration-ms="44">
      <class name="com.itpl.Annotations">
        <test-method is-config="true" signature="beforeSuite()[pri:0, instance:com.itpl.Annotations@7dc3712]" started-at="2024-11-23T13:24:15Z" name="beforeSuite" finished-at="2024-11-23T13:24:15Z" duration-ms="22" status="PASS">
          <reporter-output>
            <line>
              <![CDATA[Before Suite-->Server connections]]>
            </line>
          </reporter-output>
        </test-method> <!-- beforeSuite -->
        <test-method is-config="true" signature="beforetest()[pri:0, instance:com.itpl.Annotations@7dc3712]" started-at="2024-11-23T13:24:15Z" name="beforetest" finished-at="2024-11-23T13:24:15Z" duration-ms="2" status="PASS">
          <reporter-output>
            <line>
              <![CDATA[Before Tests-->Database connections]]>
            </line>
          </reporter-output>
        </test-method> <!-- beforetest -->
        <test-method is-config="true" signature="beforeClass()[pri:0, instance:com.itpl.Annotations@7dc3712]" started-at="2024-11-23T13:24:15Z" name="beforeClass" finished-at="2024-11-23T13:24:15Z" duration-ms="1" status="PASS">
          <reporter-output>
            <line>
              <![CDATA[Before Class-->Launch Browser]]>
            </line>
          </reporter-output>
        </test-method> <!-- beforeClass -->
        <test-method is-config="true" signature="beforeMethod()[pri:0, instance:com.itpl.Annotations@7dc3712]" started-at="2024-11-23T13:24:15Z" name="beforeMethod" finished-at="2024-11-23T13:24:15Z" duration-ms="0" status="PASS">
          <reporter-output>
            <line>
              <![CDATA[Before Method-->Login]]>
            </line>
          </reporter-output>
        </test-method> <!-- beforeMethod -->
        <test-method signature="testScript()[pri:0, instance:com.itpl.Annotations@7dc3712]" started-at="2024-11-23T13:24:15Z" name="testScript" finished-at="2024-11-23T13:24:15Z" duration-ms="10" status="PASS">
          <reporter-output>
            <line>
              <![CDATA[Test-->Execute test script]]>
            </line>
          </reporter-output>
        </test-method> <!-- testScript -->
        <test-method is-config="true" signature="afterMethod()[pri:0, instance:com.itpl.Annotations@7dc3712]" started-at="2024-11-23T13:24:15Z" name="afterMethod" finished-at="2024-11-23T13:24:15Z" duration-ms="2" status="PASS">
          <reporter-output>
            <line>
              <![CDATA[After Method-->Logout]]>
            </line>
          </reporter-output>
        </test-method> <!-- afterMethod -->
        <test-method is-config="true" signature="afterClass()[pri:0, instance:com.itpl.Annotations@7dc3712]" started-at="2024-11-23T13:24:15Z" name="afterClass" finished-at="2024-11-23T13:24:15Z" duration-ms="1" status="PASS">
          <reporter-output>
            <line>
              <![CDATA[After Class-->Close browser]]>
            </line>
          </reporter-output>
        </test-method> <!-- afterClass -->
        <test-method is-config="true" signature="afterTest()[pri:0, instance:com.itpl.Annotations@7dc3712]" started-at="2024-11-23T13:24:15Z" name="afterTest" finished-at="2024-11-23T13:24:15Z" duration-ms="0" status="PASS">
          <reporter-output>
            <line>
              <![CDATA[After Test-->Close database]]>
            </line>
          </reporter-output>
        </test-method> <!-- afterTest -->
        <test-method is-config="true" signature="afterSuite()[pri:0, instance:com.itpl.Annotations@7dc3712]" started-at="2024-11-23T13:24:15Z" name="afterSuite" finished-at="2024-11-23T13:24:15Z" duration-ms="0" status="PASS">
          <reporter-output>
            <line>
              <![CDATA[After Suite-->Close Server]]>
            </line>
          </reporter-output>
        </test-method> <!-- afterSuite -->
      </class> <!-- com.itpl.Annotations -->
    </test> <!-- Default test -->
  </suite> <!-- Default suite -->
</testng-results>
